<?xml version="1.0" encoding="UTF-8"?>
<testng-results ignored="0" total="3" passed="3" failed="0" skipped="0">
  <reporter-output>
  </reporter-output>
  <suite started-at="2024-02-22T23:35:44 IST" name="Default suite" finished-at="2024-02-22T23:35:44 IST" duration-ms="127">
    <groups>
    </groups>
    <test started-at="2024-02-22T23:35:44 IST" name="Default test" finished-at="2024-02-22T23:35:44 IST" duration-ms="127">
      <class name="Testng.DependsonMethods">
        <test-method signature="Homepage()[pri:0, instance:Testng.DependsonMethods@485966cc]" started-at="2024-02-22T23:35:44 IST" name="Homepage" finished-at="2024-02-22T23:35:44 IST" duration-ms="26" status="PASS">
          <reporter-output>
          </reporter-output>
        </test-method> <!-- Homepage -->
        <test-method signature="login()[pri:0, instance:Testng.DependsonMethods@485966cc]" started-at="2024-02-22T23:35:44 IST" name="login" finished-at="2024-02-22T23:35:44 IST" depends-on-methods="Testng.DependsonMethods.Homepage" duration-ms="3" status="PASS">
          <reporter-output>
          </reporter-output>
        </test-method> <!-- login -->
        <test-method signature="logout()[pri:0, instance:Testng.DependsonMethods@485966cc]" started-at="2024-02-22T23:35:44 IST" name="logout" finished-at="2024-02-22T23:35:44 IST" depends-on-methods="Testng.DependsonMethods.Homepage, Testng.DependsonMethods.login" duration-ms="2" status="PASS">
          <reporter-output>
          </reporter-output>
        </test-method> <!-- logout -->
      </class> <!-- Testng.DependsonMethods -->
    </test> <!-- Default test -->
  </suite> <!-- Default suite -->
</testng-results>
