<?xml version="1.0" encoding="UTF-8"?>
<!-- Generated by org.testng.reporters.JUnitXMLReporter -->
<testsuite ignored="0" hostname="DESKTOP-F244SB3" failures="0" tests="3" name="Default test" time="0.127" errors="0" timestamp="2024-02-22T23:35:44 IST">
  <testcase classname="Testng.DependsonMethods" name="Homepage" time="0.026"/>
  <testcase classname="Testng.DependsonMethods" name="login" time="0.003"/>
  <testcase classname="Testng.DependsonMethods" name="logout" time="0.002"/>
</testsuite> <!-- Default test -->
